running egg_info
creating build/virtual_camera/virtual_camera.egg-info
writing build/virtual_camera/virtual_camera.egg-info/PKG-INFO
writing dependency_links to build/virtual_camera/virtual_camera.egg-info/dependency_links.txt
writing entry points to build/virtual_camera/virtual_camera.egg-info/entry_points.txt
writing requirements to build/virtual_camera/virtual_camera.egg-info/requires.txt
writing top-level names to build/virtual_camera/virtual_camera.egg-info/top_level.txt
writing manifest file 'build/virtual_camera/virtual_camera.egg-info/SOURCES.txt'
reading manifest file 'build/virtual_camera/virtual_camera.egg-info/SOURCES.txt'
writing manifest file 'build/virtual_camera/virtual_camera.egg-info/SOURCES.txt'
running build
running build_py
creating /home/wwx/ros2_ws/src/virtual_camera/build/virtual_camera/build
creating /home/wwx/ros2_ws/src/virtual_camera/build/virtual_camera/build/lib
creating /home/wwx/ros2_ws/src/virtual_camera/build/virtual_camera/build/lib/virtual_camera
copying virtual_camera/rviz_image_capture_node.py -> /home/wwx/ros2_ws/src/virtual_camera/build/virtual_camera/build/lib/virtual_camera
copying virtual_camera/virtual_camera_node.py -> /home/wwx/ros2_ws/src/virtual_camera/build/virtual_camera/build/lib/virtual_camera
copying virtual_camera/__init__.py -> /home/wwx/ros2_ws/src/virtual_camera/build/virtual_camera/build/lib/virtual_camera
running install
running install_lib
creating /home/wwx/ros2_ws/src/virtual_camera/install/virtual_camera/lib/python3.10/site-packages/virtual_camera
copying /home/wwx/ros2_ws/src/virtual_camera/build/virtual_camera/build/lib/virtual_camera/rviz_image_capture_node.py -> /home/wwx/ros2_ws/src/virtual_camera/install/virtual_camera/lib/python3.10/site-packages/virtual_camera
copying /home/wwx/ros2_ws/src/virtual_camera/build/virtual_camera/build/lib/virtual_camera/virtual_camera_node.py -> /home/wwx/ros2_ws/src/virtual_camera/install/virtual_camera/lib/python3.10/site-packages/virtual_camera
copying /home/wwx/ros2_ws/src/virtual_camera/build/virtual_camera/build/lib/virtual_camera/__init__.py -> /home/wwx/ros2_ws/src/virtual_camera/install/virtual_camera/lib/python3.10/site-packages/virtual_camera
byte-compiling /home/wwx/ros2_ws/src/virtual_camera/install/virtual_camera/lib/python3.10/site-packages/virtual_camera/rviz_image_capture_node.py to rviz_image_capture_node.cpython-310.pyc
byte-compiling /home/wwx/ros2_ws/src/virtual_camera/install/virtual_camera/lib/python3.10/site-packages/virtual_camera/virtual_camera_node.py to virtual_camera_node.cpython-310.pyc
byte-compiling /home/wwx/ros2_ws/src/virtual_camera/install/virtual_camera/lib/python3.10/site-packages/virtual_camera/__init__.py to __init__.cpython-310.pyc
running install_data
creating /home/wwx/ros2_ws/src/virtual_camera/install/virtual_camera/share/ament_index
creating /home/wwx/ros2_ws/src/virtual_camera/install/virtual_camera/share/ament_index/resource_index
creating /home/wwx/ros2_ws/src/virtual_camera/install/virtual_camera/share/ament_index/resource_index/packages
copying resource/virtual_camera -> /home/wwx/ros2_ws/src/virtual_camera/install/virtual_camera/share/ament_index/resource_index/packages
copying package.xml -> /home/wwx/ros2_ws/src/virtual_camera/install/virtual_camera/share/virtual_camera
running install_egg_info
Copying build/virtual_camera/virtual_camera.egg-info to /home/wwx/ros2_ws/src/virtual_camera/install/virtual_camera/lib/python3.10/site-packages/virtual_camera-0.0.0-py3.10.egg-info
running install_scripts
Installing coze_final_upload_node script to /home/wwx/ros2_ws/src/virtual_camera/install/virtual_camera/lib/virtual_camera
Installing image_capture_node script to /home/wwx/ros2_ws/src/virtual_camera/install/virtual_camera/lib/virtual_camera
Installing rviz_image_capture_node script to /home/wwx/ros2_ws/src/virtual_camera/install/virtual_camera/lib/virtual_camera
Installing virtual_camera_node script to /home/wwx/ros2_ws/src/virtual_camera/install/virtual_camera/lib/virtual_camera
writing list of installed files to '/home/wwx/ros2_ws/src/virtual_camera/build/virtual_camera/install.log'
